<?xml version="1.0" encoding="UTF-8"?>
<!-- Generated by org.testng.reporters.JUnitReportReporter -->
<testsuite skipped="1" hostname="LAPTOP-8TPOCDRC" name="TestngTask.LoginTask" tests="2" failures="0" timestamp="2019-10-29T23:28:29 AEDT" time="0.037" errors="0">
  <testcase name="gettitle" time="0.037" classname="TestngTask.LoginTask"/>
  <testcase name="getlogin" classname="TestngTask.LoginTask">
    <skipped/>
  </testcase> <!-- getlogin -->
</testsuite> <!-- TestngTask.LoginTask -->
